<?xml version="1.0" encoding="UTF-8"?>
<!-- Generated by org.testng.reporters.JUnitReportReporter -->
<testsuite hostname="DESKTOP-FSHKKEO" name="WindowWxample" tests="1" failures="0" timestamp="23 Feb 2016 02:16:50 GMT" time="11.178" errors="0">
  <testcase name="test_CloseAllWindowsExceptMainWindow" time="11.178" classname="WindowWxample"/>
</testsuite> <!-- WindowWxample -->
